<?xml version="1.0" encoding="UTF-8"?>
<!-- Generated by org.testng.reporters.JUnitReportReporter -->
<testsuite hostname="INSML-8RLVCF" failures="0" tests="4" name="onlinePurchase.homePage" time="33.638" errors="0" timestamp="2023-02-16T19:34:36 IST" skipped="3">
  <testcase classname="onlinePurchase.homePage" name="searchProduct" time="33.638"/>
  <system-out/>
  <testcase classname="onlinePurchase.homePage" name="placeOrder">
    <skipped/>
  </testcase> <!-- placeOrder -->
  <system-out/>
  <testcase classname="onlinePurchase.homePage" name="checkout">
    <skipped/>
  </testcase> <!-- checkout -->
  <system-out/>
  <testcase classname="onlinePurchase.homePage" name="verifyPromoCode">
    <skipped/>
  </testcase> <!-- verifyPromoCode -->
  <system-out/>
</testsuite> <!-- onlinePurchase.homePage -->
